<?xml version="1.0" encoding="UTF-8"?>
<!-- Generated by org.testng.reporters.JUnitReportReporter -->
<testsuite hostname="DESKTOP-M6M9LGF" failures="0" tests="1" name="com.bushidolight.testCases.SEE_FAQ" time="44.648" errors="0" timestamp="2024-01-18T15:36:26 IST" skipped="0">
  <testcase classname="com.bushidolight.testCases.SEE_FAQ" name="click" time="44.648"/>
  <system-out/>
</testsuite> <!-- com.bushidolight.testCases.SEE_FAQ -->
