<?xml version="1.0" encoding="UTF-8"?>
<!-- Generated by org.testng.reporters.JUnitReportReporter -->
<testsuite hostname="DESKTOP-M6M9LGF" failures="0" tests="1" name="com.bushidolight.testCases.Why" time="6.740" errors="0" timestamp="2024-01-18T15:38:05 IST" skipped="0">
  <testcase classname="com.bushidolight.testCases.Why" name="click" time="6.740"/>
  <system-out/>
</testsuite> <!-- com.bushidolight.testCases.Why -->
