<?xml version="1.0" encoding="UTF-8"?>
<!-- Generated by org.testng.reporters.JUnitReportReporter -->
<testsuite hostname="DESKTOP-M6M9LGF" failures="0" tests="1" name="com.bushidolight.testCases.PurchaseDeposit" time="6.963" errors="0" timestamp="2024-01-18T15:33:40 IST" skipped="0">
  <testcase classname="com.bushidolight.testCases.PurchaseDeposit" name="info" time="6.963"/>
  <system-out/>
</testsuite> <!-- com.bushidolight.testCases.PurchaseDeposit -->
