<?xml version="1.0" encoding="UTF-8"?>
<!-- Generated by org.testng.reporters.JUnitReportReporter -->
<testsuite hostname="DESKTOP-M6M9LGF" failures="0" tests="1" name="com.bushidolight.testCases.CoreValues" time="6.795" errors="0" timestamp="2024-01-18T15:27:42 IST" skipped="0">
  <testcase classname="com.bushidolight.testCases.CoreValues" name="core_info" time="6.795"/>
  <system-out/>
</testsuite> <!-- com.bushidolight.testCases.CoreValues -->
