<?xml version="1.0" encoding="UTF-8"?>
<!-- Generated by org.testng.reporters.JUnitReportReporter -->
<testsuite hostname="DESKTOP-M6M9LGF" failures="0" tests="1" name="com.bushidolight.testCases.CIC_info" time="6.277" errors="0" timestamp="2024-01-18T16:50:49 IST" skipped="0">
  <testcase classname="com.bushidolight.testCases.CIC_info" name="cic_click" time="6.277"/>
  <system-out/>
</testsuite> <!-- com.bushidolight.testCases.CIC_info -->
