<?xml version="1.0" encoding="UTF-8"?>
<!-- Generated by org.testng.reporters.JUnitReportReporter -->
<testsuite hostname="DESKTOP-M6M9LGF" failures="0" tests="1" name="com.bushidolight.testCases.PassiveIncome" time="6.684" errors="0" timestamp="2024-01-18T15:32:51 IST" skipped="0">
  <testcase classname="com.bushidolight.testCases.PassiveIncome" name="passiveincome" time="6.684"/>
  <system-out/>
</testsuite> <!-- com.bushidolight.testCases.PassiveIncome -->
