<?xml version="1.0" encoding="UTF-8"?>
<!-- Generated by org.testng.reporters.JUnitReportReporter -->
<testsuite hostname="DESKTOP-M6M9LGF" failures="0" tests="1" name="com.bushidolight.testCases.Membership_benefits" time="3.477" errors="0" timestamp="2024-01-18T15:29:26 IST" skipped="0">
  <testcase classname="com.bushidolight.testCases.Membership_benefits" name="membership_benefits" time="3.477"/>
  <system-out/>
</testsuite> <!-- com.bushidolight.testCases.Membership_benefits -->
