<?xml version="1.0" encoding="UTF-8"?>
<!-- Generated by org.testng.reporters.JUnitReportReporter -->
<testsuite hostname="DESKTOP-M6M9LGF" failures="0" tests="1" name="com.bushidolight.testCases.RefundPolicy" time="6.886" errors="0" timestamp="2024-01-18T15:34:46 IST" skipped="0">
  <testcase classname="com.bushidolight.testCases.RefundPolicy" name="refundinfo" time="6.886"/>
  <system-out/>
</testsuite> <!-- com.bushidolight.testCases.RefundPolicy -->
