<?xml version="1.0" encoding="UTF-8"?>
<!-- Generated by org.testng.reporters.JUnitReportReporter -->
<testsuite hostname="DESKTOP-M6M9LGF" failures="0" tests="1" name="com.bushidolight.testCases.Mission" time="6.717" errors="0" timestamp="2024-01-18T15:31:19 IST" skipped="0">
  <testcase classname="com.bushidolight.testCases.Mission" name="missclick" time="6.717"/>
  <system-out/>
</testsuite> <!-- com.bushidolight.testCases.Mission -->
