<?xml version="1.0" encoding="UTF-8"?>
<!-- Generated by org.testng.reporters.JUnitReportReporter -->
<testsuite hostname="DESKTOP-M6M9LGF" failures="0" tests="1" name="com.bushidolight.testCases.OurObjective" time="6.685" errors="0" timestamp="2024-01-18T15:32:03 IST" skipped="0">
  <testcase classname="com.bushidolight.testCases.OurObjective" name="passiveincome" time="6.685"/>
  <system-out/>
</testsuite> <!-- com.bushidolight.testCases.OurObjective -->
