<?xml version="1.0" encoding="UTF-8"?>
<!-- Generated by org.testng.reporters.JUnitReportReporter -->
<testsuite hostname="DESKTOP-M6M9LGF" failures="0" tests="1" name="com.bushidolight.testCases.Bush_Light_info" time="6.271" errors="0" timestamp="2024-01-18T16:48:30 IST" skipped="0">
  <testcase classname="com.bushidolight.testCases.Bush_Light_info" name="bushlightinfo" time="6.271"/>
  <system-out/>
</testsuite> <!-- com.bushidolight.testCases.Bush_Light_info -->
