<?xml version="1.0" encoding="UTF-8"?>
<!-- Generated by org.testng.reporters.JUnitReportReporter -->
<testsuite hostname="DESKTOP-M6M9LGF" failures="0" tests="1" name="com.bushidolight.testCases.BaseClass" time="60.037" errors="0" timestamp="2024-01-02T15:05:56 IST" skipped="0">
  <testcase classname="com.bushidolight.testCases.BaseClass" name="login" time="60.037"/>
  <system-out/>
</testsuite> <!-- com.bushidolight.testCases.BaseClass -->
