<?xml version="1.0" encoding="UTF-8"?>
<!-- Generated by org.testng.reporters.JUnitReportReporter -->
<testsuite hostname="DESKTOP-M6M9LGF" failures="0" tests="1" name="com.bushidolight.testCases.Contact_Us" time="65.008" errors="0" timestamp="2024-01-18T15:27:13 IST" skipped="0">
  <testcase classname="com.bushidolight.testCases.Contact_Us" name="Form" time="65.008"/>
  <system-out/>
</testsuite> <!-- com.bushidolight.testCases.Contact_Us -->
