<?xml version="1.0" encoding="UTF-8"?>
<!-- Generated by org.testng.reporters.JUnitReportReporter -->
<testsuite hostname="DESKTOP-M6M9LGF" failures="0" tests="1" name="com.bushidolight.testCases.HowItWork" time="6.953" errors="0" timestamp="2024-01-18T15:28:43 IST" skipped="0">
  <testcase classname="com.bushidolight.testCases.HowItWork" name="passiveincome" time="6.953"/>
  <system-out/>
</testsuite> <!-- com.bushidolight.testCases.HowItWork -->
