<?xml version="1.0" encoding="UTF-8"?>
<!-- Generated by org.testng.reporters.JUnitReportReporter -->
<testsuite hostname="DESKTOP-M6M9LGF" failures="0" tests="1" name="com.bushidolight.testCases.SocialMediabtn" time="3.613" errors="0" timestamp="2024-01-18T15:37:20 IST" skipped="0">
  <testcase classname="com.bushidolight.testCases.SocialMediabtn" name="passiveincome" time="3.613"/>
  <system-out/>
</testsuite> <!-- com.bushidolight.testCases.SocialMediabtn -->
